0 info it worked if it ends with ok
1 verbose cli [ '/usr/local/bin/node', '/usr/local/bin/npm', 'publish' ]
2 info using npm@3.3.12
3 info using node@v5.3.0
4 verbose publish [ '.' ]
5 silly cache add args [ '.', null ]
6 verbose cache add spec .
7 silly cache add parsed spec Result {
7 silly cache add   raw: '.',
7 silly cache add   scope: null,
7 silly cache add   name: null,
7 silly cache add   rawSpec: '.',
7 silly cache add   spec: '/Users/kdm/DoodleZone/bankerdoodle/fdic-sdi-manager',
7 silly cache add   type: 'directory' }
8 verbose addLocalDirectory /Users/kdm/.npm/fdic-sdi-manager/0.0.1/package.tgz not in flight; packing
9 info lifecycle fdic-sdi-manager@0.0.1~prepublish: fdic-sdi-manager@0.0.1
10 silly lifecycle fdic-sdi-manager@0.0.1~prepublish: no script for prepublish, continuing
11 verbose tar pack [ '/Users/kdm/.npm/fdic-sdi-manager/0.0.1/package.tgz',
11 verbose tar pack   '/Users/kdm/DoodleZone/bankerdoodle/fdic-sdi-manager' ]
12 verbose tarball /Users/kdm/.npm/fdic-sdi-manager/0.0.1/package.tgz
13 verbose folder /Users/kdm/DoodleZone/bankerdoodle/fdic-sdi-manager
14 verbose addLocalTarball adding from inside cache /Users/kdm/.npm/fdic-sdi-manager/0.0.1/package.tgz
15 silly cache afterAdd fdic-sdi-manager@0.0.1
16 verbose afterAdd /Users/kdm/.npm/fdic-sdi-manager/0.0.1/package/package.json not in flight; writing
17 verbose afterAdd /Users/kdm/.npm/fdic-sdi-manager/0.0.1/package/package.json written
18 silly publish { name: 'fdic-sdi-manager',
18 silly publish   version: '0.0.1',
18 silly publish   description: 'Interact with datadoodler resources on AWS',
18 silly publish   main: 'fdic-sdi-manager.js',
18 silly publish   scripts: { test: 'karma ./test/test.js' },
18 silly publish   repository:
18 silly publish    { type: 'git',
18 silly publish      url: 'git+https://github.com/datadoodler/fdic-sdi-manager.git' },
18 silly publish   keywords: [ 'AWS', 'DataDoodler', 'DynamoDb', 'FDIC', 'BankerDoodle' ],
18 silly publish   author: { name: 'Kent Merrell' },
18 silly publish   license: 'MIT',
18 silly publish   bugs: { url: 'https://github.com/datadoodler/fdic-sdi-manager/issues' },
18 silly publish   homepage: 'https://github.com/datadoodler/fdic-sdi-manager#readme',
18 silly publish   readme: '#fdic-sdi-manager\n\n* This is an ecmascript 2015 (ES6) application that runs on node.js.\n* Will *not* be using typescript since we will have the luxury of ES6 (even ES7 if we want) syntax already. And with ES6 deconstructions, specifying types as parameters is not as meaningful. All considered, I think typescript would get in the way more than it helps.\n* No UI component in this project. It is intended to be imported to other projects that will provide UI.\n\n\n##Initial steps\n\n* Setup git repo on github/datadoodler/fdic-sdi-manager\n* Create readme file to keep track of steps\n* initialize npm\n    * this should be an installable npm package\n    * npm install fdic-sdi-manager\n* Setup unit testing framework. We will be employing TDD and will need tests to guide our work. This will also asure that we don\'t get off-course too badly.\n    * Jasmine\n    * Karama\n    * Wallaby\n* Upate blog (http://datadoodler.github.io/blog/) with pointer to public repo.',
18 silly publish   readmeFilename: 'README.md',
18 silly publish   gitHead: '24e3c96cf843813d05b8c5cc9d2ebc1ad0faf1a5',
18 silly publish   _id: 'fdic-sdi-manager@0.0.1',
18 silly publish   _shasum: 'b491974cc5252e3d7a58ea1b528fff80e85d00ae',
18 silly publish   _from: '.' }
19 verbose getPublishConfig undefined
20 silly mapToRegistry name fdic-sdi-manager
21 silly mapToRegistry using default registry
22 silly mapToRegistry registry https://registry.npmjs.org/
23 silly mapToRegistry uri https://registry.npmjs.org/fdic-sdi-manager
24 verbose publish registryBase https://registry.npmjs.org/
25 silly publish uploading /Users/kdm/.npm/fdic-sdi-manager/0.0.1/package.tgz
26 verbose stack Error: auth required for publishing
26 verbose stack     at CachingRegistryClient.publish (/usr/local/lib/node_modules/npm/node_modules/npm-registry-client/lib/publish.js:30:14)
26 verbose stack     at /usr/local/lib/node_modules/npm/lib/publish.js:137:14
26 verbose stack     at mapToRegistry (/usr/local/lib/node_modules/npm/lib/utils/map-to-registry.js:55:3)
26 verbose stack     at publish_ (/usr/local/lib/node_modules/npm/lib/publish.js:106:3)
26 verbose stack     at Array.<anonymous> (/usr/local/lib/node_modules/npm/node_modules/slide/lib/bind-actor.js:15:8)
26 verbose stack     at LOOP (/usr/local/lib/node_modules/npm/node_modules/slide/lib/chain.js:15:14)
26 verbose stack     at LOOP (/usr/local/lib/node_modules/npm/node_modules/slide/lib/chain.js:14:28)
26 verbose stack     at chain (/usr/local/lib/node_modules/npm/node_modules/slide/lib/chain.js:20:5)
26 verbose stack     at /usr/local/lib/node_modules/npm/lib/publish.js:72:5
26 verbose stack     at RES (/usr/local/lib/node_modules/npm/node_modules/inflight/inflight.js:23:14)
27 verbose cwd /Users/kdm/DoodleZone/bankerdoodle/fdic-sdi-manager
28 error Darwin 14.3.0
29 error argv "/usr/local/bin/node" "/usr/local/bin/npm" "publish"
30 error node v5.3.0
31 error npm  v3.3.12
32 error code ENEEDAUTH
33 error need auth auth required for publishing
33 error need auth You need to authorize this machine using `npm adduser`
34 verbose exit [ 1, true ]
